[debug] [2026-03-20T15:31:14.290Z] ----------------------------------------------------------------------
[debug] [2026-03-20T15:31:14.294Z] Command:       C:\Program Files\nodejs\node.exe C:\Users\USER\AppData\Roaming\npm\node_modules\firebase-tools\lib\bin\firebase.js init
[debug] [2026-03-20T15:31:14.294Z] CLI Version:   15.11.0
[debug] [2026-03-20T15:31:14.294Z] Platform:      win32
[debug] [2026-03-20T15:31:14.295Z] Node Version:  v24.14.0
[debug] [2026-03-20T15:31:14.295Z] Time:          Fri Mar 20 2026 11:31:14 GMT-0400 (Eastern Daylight Time)
[debug] [2026-03-20T15:31:14.295Z] ----------------------------------------------------------------------
[debug] 
[info] 
     ######## #### ########  ######## ########     ###     ######  ########
     ##        ##  ##     ## ##       ##     ##  ##   ##  ##       ##
     ######    ##  ########  ######   ########  #########  ######  ######
     ##        ##  ##    ##  ##       ##     ## ##     ##       ## ##
     ##       #### ##     ## ######## ########  ##     ##  ######  ########

You're about to initialize a Firebase project in this directory:

  C:\Users\USER\Documents\GitHub\Babyfeed

[info] 
=== Project Setup
[info] 
[info] First, let's associate this project directory with a Firebase project.
[info] You can create multiple project aliases by running firebase use --add, 
[info] 
[debug] [2026-03-20T15:34:00.262Z] > command requires scopes: ["email","openid","https://www.googleapis.com/auth/cloudplatformprojects.readonly","https://www.googleapis.com/auth/firebase","https://www.googleapis.com/auth/cloud-platform"]
[debug] [2026-03-20T15:34:00.262Z] > authorizing via signed-in user (shodipeadeolu@gmail.com)
[debug] [2026-03-20T15:34:00.263Z] Checked if tokens are valid: false, expires at: 1773606099298
[debug] [2026-03-20T15:34:00.263Z] Checked if tokens are valid: false, expires at: 1773606099298
[debug] [2026-03-20T15:34:00.263Z] > refreshing access token with scopes: []
[debug] [2026-03-20T15:34:00.265Z] >>> [apiv2][query] POST https://www.googleapis.com/oauth2/v3/token [none]
[debug] [2026-03-20T15:34:00.265Z] >>> [apiv2][body] POST https://www.googleapis.com/oauth2/v3/token [omitted]
[debug] [2026-03-20T15:34:00.743Z] <<< [apiv2][status] POST https://www.googleapis.com/oauth2/v3/token 200
[debug] [2026-03-20T15:34:00.743Z] <<< [apiv2][body] POST https://www.googleapis.com/oauth2/v3/token [omitted]
[debug] [2026-03-20T15:34:00.753Z] >>> [apiv2][query] GET https://firebase.googleapis.com/v1beta1/projects pageSize=100
[debug] [2026-03-20T15:34:01.644Z] <<< [apiv2][status] GET https://firebase.googleapis.com/v1beta1/projects 200
[debug] [2026-03-20T15:34:01.644Z] <<< [apiv2][body] GET https://firebase.googleapis.com/v1beta1/projects [omitted]
[info] 
=== Functions Setup
[debug] [2026-03-20T15:34:12.087Z] > command requires scopes: ["email","openid","https://www.googleapis.com/auth/cloudplatformprojects.readonly","https://www.googleapis.com/auth/firebase","https://www.googleapis.com/auth/cloud-platform"]
[debug] [2026-03-20T15:34:12.087Z] > authorizing via signed-in user (shodipeadeolu@gmail.com)
[debug] [2026-03-20T15:34:12.087Z] [iam] checking project babyfeed-98971 for permissions ["firebase.projects.get"]
[debug] [2026-03-20T15:34:12.087Z] Checked if tokens are valid: true, expires at: 1774024439743
[debug] [2026-03-20T15:34:12.087Z] Checked if tokens are valid: true, expires at: 1774024439743
[debug] [2026-03-20T15:34:12.087Z] >>> [apiv2][query] POST https://cloudresourcemanager.googleapis.com/v1/projects/babyfeed-98971:testIamPermissions [none]
[debug] [2026-03-20T15:34:12.088Z] >>> [apiv2][(partial)header] POST https://cloudresourcemanager.googleapis.com/v1/projects/babyfeed-98971:testIamPermissions  x-goog-user-project=babyfeed-98971
[debug] [2026-03-20T15:34:12.088Z] >>> [apiv2][body] POST https://cloudresourcemanager.googleapis.com/v1/projects/babyfeed-98971:testIamPermissions {"permissions":["firebase.projects.get"]}
[debug] [2026-03-20T15:34:13.671Z] <<< [apiv2][status] POST https://cloudresourcemanager.googleapis.com/v1/projects/babyfeed-98971:testIamPermissions 200
[debug] [2026-03-20T15:34:13.671Z] <<< [apiv2][body] POST https://cloudresourcemanager.googleapis.com/v1/projects/babyfeed-98971:testIamPermissions {"permissions":["firebase.projects.get"]}
[debug] [2026-03-20T15:34:13.671Z] Checked if tokens are valid: true, expires at: 1774024439743
[debug] [2026-03-20T15:34:13.672Z] Checked if tokens are valid: true, expires at: 1774024439743
[debug] [2026-03-20T15:34:13.672Z] Checked if tokens are valid: true, expires at: 1774024439743
[debug] [2026-03-20T15:34:13.672Z] Checked if tokens are valid: true, expires at: 1774024439743
[debug] [2026-03-20T15:34:13.672Z] >>> [apiv2][query] GET https://serviceusage.googleapis.com/v1/projects/babyfeed-98971/services/cloudfunctions.googleapis.com [none]
[debug] [2026-03-20T15:34:13.672Z] >>> [apiv2][(partial)header] GET https://serviceusage.googleapis.com/v1/projects/babyfeed-98971/services/cloudfunctions.googleapis.com  x-goog-user-project=babyfeed-98971
[debug] [2026-03-20T15:34:13.673Z] >>> [apiv2][query] GET https://serviceusage.googleapis.com/v1/projects/babyfeed-98971/services/runtimeconfig.googleapis.com [none]
[debug] [2026-03-20T15:34:13.673Z] >>> [apiv2][(partial)header] GET https://serviceusage.googleapis.com/v1/projects/babyfeed-98971/services/runtimeconfig.googleapis.com  x-goog-user-project=babyfeed-98971
[debug] [2026-03-20T15:34:15.447Z] <<< [apiv2][status] GET https://serviceusage.googleapis.com/v1/projects/babyfeed-98971/services/runtimeconfig.googleapis.com 200
[debug] [2026-03-20T15:34:15.447Z] <<< [apiv2][body] GET https://serviceusage.googleapis.com/v1/projects/babyfeed-98971/services/runtimeconfig.googleapis.com [omitted]
[debug] [2026-03-20T15:34:15.459Z] <<< [apiv2][status] GET https://serviceusage.googleapis.com/v1/projects/babyfeed-98971/services/cloudfunctions.googleapis.com 200
[debug] [2026-03-20T15:34:15.459Z] <<< [apiv2][body] GET https://serviceusage.googleapis.com/v1/projects/babyfeed-98971/services/cloudfunctions.googleapis.com [omitted]
[debug] [2026-03-20T15:34:15.459Z] Checked if tokens are valid: true, expires at: 1774024439743
[debug] [2026-03-20T15:34:15.459Z] Checked if tokens are valid: true, expires at: 1774024439743
[debug] [2026-03-20T15:34:15.459Z] >>> [apiv2][query] POST https://serviceusage.googleapis.com/v1/projects/babyfeed-98971/services/cloudfunctions.googleapis.com:enable [none]
[debug] [2026-03-20T15:34:15.459Z] >>> [apiv2][(partial)header] POST https://serviceusage.googleapis.com/v1/projects/babyfeed-98971/services/cloudfunctions.googleapis.com:enable  x-goog-user-project=babyfeed-98971
[debug] [2026-03-20T15:34:16.217Z] <<< [apiv2][status] POST https://serviceusage.googleapis.com/v1/projects/babyfeed-98971/services/cloudfunctions.googleapis.com:enable 200
[debug] [2026-03-20T15:34:16.217Z] <<< [apiv2][body] POST https://serviceusage.googleapis.com/v1/projects/babyfeed-98971/services/cloudfunctions.googleapis.com:enable [omitted]
[info] Let's create a new codebase for your functions.
[info] A directory corresponding to the codebase will be created in your project
[info] with sample code pre-configured.

[info] See https://firebase.google.com/docs/functions/organize-functions for
[info] more information on organizing your functions using codebases.

[info] Functions can be deployed with firebase deploy.

[info] +  Wrote functions/.eslintrc.js 
[info] +  Wrote functions/package.json 
[info] +  Wrote functions/index.js 
[info] +  Wrote functions/.gitignore 
[info] 
=== Hosting Setup
[debug] [2026-03-20T15:36:39.183Z] Checked if tokens are valid: true, expires at: 1774024439743
[debug] [2026-03-20T15:36:39.184Z] Checked if tokens are valid: true, expires at: 1774024439743
[debug] [2026-03-20T15:36:39.184Z] >>> [apiv2][query] GET https://firebase.googleapis.com/v1beta1/projects/babyfeed-98971 [none]
[debug] [2026-03-20T15:36:39.847Z] <<< [apiv2][status] GET https://firebase.googleapis.com/v1beta1/projects/babyfeed-98971 200
[debug] [2026-03-20T15:36:39.847Z] <<< [apiv2][body] GET https://firebase.googleapis.com/v1beta1/projects/babyfeed-98971 {"projectId":"babyfeed-98971","projectNumber":"461460122252","displayName":"babyfeed ","name":"projects/babyfeed-98971","resources":{"hostingSite":"babyfeed-98971"},"state":"ACTIVE","etag":"1_e1724c6d-bb9f-4cc1-a536-6b57b0d8b6fa"}
[info] 
[info] Your public directory is the folder (relative to your project directory) that
[info] will contain Hosting assets to be uploaded with firebase deploy. If you
[info] have a build process for your assets, use your build's output directory.
[info] 
[debug] [2026-03-20T15:39:21.495Z] >>> [apiv2][query] GET https://www.gstatic.com/firebasejs/releases.json [none]
[debug] [2026-03-20T15:39:21.867Z] <<< [apiv2][status] GET https://www.gstatic.com/firebasejs/releases.json 200
[debug] [2026-03-20T15:39:21.867Z] <<< [apiv2][body] GET https://www.gstatic.com/firebasejs/releases.json {"current":{"version":"12.11.0","browserURL":"https://www.gstatic.com/firebasejs/12.11.0/firebase.js","packageURL":"https://www.gstatic.com/firebasejs/12.11.0/firebase.tgz"},"live":{"version":"12.11","browserURL":"https://www.gstatic.com/firebasejs/live/12.11/firebase.js","packageURL":"https://www.gstatic.com/firebasejs/live/12.11/firebase.tgz"},"components":{"ai":"https://www.gstatic.com/firebasejs/12.11.0/firebase-ai.js","analytics":"https://www.gstatic.com/firebasejs/12.11.0/firebase-analytics.js","app":"https://www.gstatic.com/firebasejs/12.11.0/firebase-app.js","app-check":"https://www.gstatic.com/firebasejs/12.11.0/firebase-app-check.js","auth":"https://www.gstatic.com/firebasejs/12.11.0/firebase-auth.js","auth/cordova":"https://www.gstatic.com/firebasejs/12.11.0/firebase-auth/cordova.js","auth/web-extension":"https://www.gstatic.com/firebasejs/12.11.0/firebase-auth/web-extension.js","functions":"https://www.gstatic.com/firebasejs/12.11.0/firebase-functions.js","firestore":"https://www.gstatic.com/firebasejs/12.11.0/firebase-firestore.js","firestore/lite":"https://www.gstatic.com/firebasejs/12.11.0/firebase-firestore/lite.js","firestore/pipelines":"https://www.gstatic.com/firebasejs/12.11.0/firebase-firestore/pipelines.js","firestore/lite/pipelines":"https://www.gstatic.com/firebasejs/12.11.0/firebase-firestore/lite/pipelines.js","installations":"https://www.gstatic.com/firebasejs/12.11.0/firebase-installations.js","storage":"https://www.gstatic.com/firebasejs/12.11.0/firebase-storage.js","performance":"https://www.gstatic.com/firebasejs/12.11.0/firebase-performance.js","remote-config":"https://www.gstatic.com/firebasejs/12.11.0/firebase-remote-config.js","messaging":"https://www.gstatic.com/firebasejs/12.11.0/firebase-messaging.js","messaging/sw":"https://www.gstatic.com/firebasejs/12.11.0/firebase-messaging/sw.js","database":"https://www.gstatic.com/firebasejs/12.11.0/firebase-database.js","data-connect":"https://www.gstatic.com/firebasejs/12.11.0/firebase-data-connect.js","firestore.memory":"https://www.gstatic.com/firebasejs/12.11.0/firebase-firestore.memory.js"}}
